<?xml version="1.0" encoding="UTF-8"?>
<testsuite xmlns:xsi="http://www.w3.org/2001/XMLSchema-instance" xsi:noNamespaceSchemaLocation="https://maven.apache.org/surefire/maven-surefire-plugin/xsd/surefire-test-report-3.0.xsd" version="3.0" name="calculator.CalculatorTest" time="0.045" tests="16" errors="0" skipped="0" failures="0">
  <properties>
[...]
</properties>
  <testcase name="testGCD" classname="calculator.CalculatorTest" time="0.016"/>
  <testcase name="testLCM" classname="calculator.CalculatorTest" time="0.0"/>
  <testcase name="testFahrenheitToCelsius" classname="calculator.CalculatorTest" time="0.002"/>
  <testcase name="testPower" classname="calculator.CalculatorTest" time="0.001"/>
  <testcase name="testPrime" classname="calculator.CalculatorTest" time="0.001"/>
  <testcase name="testSqrt" classname="calculator.CalculatorTest" time="0.001"/>
  <testcase name="testCelsiusToFahrenheit" classname="calculator.CalculatorTest" time="0.001"/>
  <testcase name="testFactorial" classname="calculator.CalculatorTest" time="0.0"/>
  <testcase name="testFibonacci" classname="calculator.CalculatorTest" time="0.0"/>
  <testcase name="testRectArea" classname="calculator.CalculatorTest" time="0.001"/>
  <testcase name="testRectCirc" classname="calculator.CalculatorTest" time="0.0"/>
  <testcase name="testTriangleArea" classname="calculator.CalculatorTest" time="0.001"/>
  <testcase name="testTriangleCirc" classname="calculator.CalculatorTest" time="0.0"/>
  <testcase name="testMphToKph" classname="calculator.CalculatorTest" time="0.0"/>
  <testcase name="testSquareArea" classname="calculator.CalculatorTest" time="0.0"/>
  <testcase name="testSquareCirc" classname="calculator.CalculatorTest" time="0.0"/>
</testsuite>